{"/home/tya/github/node-pg/app.js": {"path":"/home/tya/github/node-pg/app.js","statementMap":{"0":{"start":{"line":3,"column":0},"end":{"line":3,"column":27}},"1":{"start":{"line":5,"column":16},"end":{"line":5,"column":34}},"2":{"start":{"line":7,"column":12},"end":{"line":7,"column":21}},"3":{"start":{"line":8,"column":21},"end":{"line":8,"column":46}},"4":{"start":{"line":9,"column":24},"end":{"line":9,"column":53}},"5":{"start":{"line":10,"column":23},"end":{"line":10,"column":51}},"6":{"start":{"line":11,"column":25},"end":{"line":11,"column":55}},"7":{"start":{"line":13,"column":0},"end":{"line":13,"column":24}},"8":{"start":{"line":15,"column":0},"end":{"line":15,"column":39}},"9":{"start":{"line":16,"column":0},"end":{"line":16,"column":37}},"10":{"start":{"line":17,"column":0},"end":{"line":17,"column":41}},"11":{"start":{"line":21,"column":0},"end":{"line":24,"column":3}},"12":{"start":{"line":22,"column":14},"end":{"line":22,"column":48}},"13":{"start":{"line":23,"column":2},"end":{"line":23,"column":19}},"14":{"start":{"line":28,"column":0},"end":{"line":35,"column":3}},"15":{"start":{"line":29,"column":2},"end":{"line":29,"column":32}},"16":{"start":{"line":31,"column":2},"end":{"line":34,"column":5}},"17":{"start":{"line":38,"column":0},"end":{"line":38,"column":21}}},"fnMap":{"0":{"name":"(anonymous_0)","decl":{"start":{"line":21,"column":8},"end":{"line":21,"column":9}},"loc":{"start":{"line":21,"column":33},"end":{"line":24,"column":1}},"line":21},"1":{"name":"(anonymous_1)","decl":{"start":{"line":28,"column":8},"end":{"line":28,"column":9}},"loc":{"start":{"line":28,"column":33},"end":{"line":35,"column":1}},"line":28}},"branchMap":{"0":{"loc":{"start":{"line":29,"column":13},"end":{"line":29,"column":30}},"type":"binary-expr","locations":[{"start":{"line":29,"column":13},"end":{"line":29,"column":23}},{"start":{"line":29,"column":27},"end":{"line":29,"column":30}}],"line":29}},"s":{"0":3,"1":3,"2":3,"3":3,"4":3,"5":3,"6":3,"7":3,"8":3,"9":3,"10":3,"11":3,"12":7,"13":7,"14":3,"15":11,"16":11,"17":3},"f":{"0":7,"1":11},"b":{"0":[11,3]},"_coverageSchema":"1a1c01bbd47fc00a2c39e90264f33305004495a9","hash":"c236a4e06101bb45154617cf932e6f57879e16d8"}
,"/home/tya/github/node-pg/db.js": {"path":"/home/tya/github/node-pg/db.js","statementMap":{"0":{"start":{"line":3,"column":19},"end":{"line":3,"column":32}},"1":{"start":{"line":5,"column":11},"end":{"line":5,"column":23}},"2":{"start":{"line":7,"column":0},"end":{"line":7,"column":13}},"3":{"start":{"line":9,"column":0},"end":{"line":9,"column":20}}},"fnMap":{},"branchMap":{},"s":{"0":3,"1":3,"2":3,"3":3},"f":{},"b":{},"_coverageSchema":"1a1c01bbd47fc00a2c39e90264f33305004495a9","hash":"3dde77d18d01f08c0dae7b12fc5ed100c5943098"}
,"/home/tya/github/node-pg/expressError.js": {"path":"/home/tya/github/node-pg/expressError.js","statementMap":{"0":{"start":{"line":9,"column":4},"end":{"line":9,"column":12}},"1":{"start":{"line":10,"column":4},"end":{"line":10,"column":27}},"2":{"start":{"line":11,"column":4},"end":{"line":11,"column":25}},"3":{"start":{"line":17,"column":0},"end":{"line":17,"column":30}}},"fnMap":{"0":{"name":"(anonymous_0)","decl":{"start":{"line":8,"column":2},"end":{"line":8,"column":3}},"loc":{"start":{"line":8,"column":31},"end":{"line":13,"column":3}},"line":8}},"branchMap":{},"s":{"0":8,"1":8,"2":8,"3":3},"f":{"0":8},"b":{},"_coverageSchema":"1a1c01bbd47fc00a2c39e90264f33305004495a9","hash":"cc56e9ceaa52cc879923f14d9b21deab106c07d5"}
,"/home/tya/github/node-pg/routes/companies.js": {"path":"/home/tya/github/node-pg/routes/companies.js","statementMap":{"0":{"start":{"line":1,"column":16},"end":{"line":1,"column":34}},"1":{"start":{"line":2,"column":11},"end":{"line":2,"column":27}},"2":{"start":{"line":3,"column":16},"end":{"line":3,"column":34}},"3":{"start":{"line":5,"column":15},"end":{"line":5,"column":31}},"4":{"start":{"line":7,"column":0},"end":{"line":17,"column":3}},"5":{"start":{"line":8,"column":4},"end":{"line":16,"column":5}},"6":{"start":{"line":9,"column":24},"end":{"line":11,"column":9}},"7":{"start":{"line":13,"column":8},"end":{"line":13,"column":63}},"8":{"start":{"line":15,"column":8},"end":{"line":15,"column":25}},"9":{"start":{"line":19,"column":0},"end":{"line":64,"column":3}},"10":{"start":{"line":20,"column":4},"end":{"line":63,"column":5}},"11":{"start":{"line":21,"column":27},"end":{"line":29,"column":9}},"12":{"start":{"line":31,"column":27},"end":{"line":39,"column":9}},"13":{"start":{"line":41,"column":8},"end":{"line":59,"column":9}},"14":{"start":{"line":42,"column":46},"end":{"line":42,"column":64}},"15":{"start":{"line":43,"column":27},"end":{"line":49,"column":13}},"16":{"start":{"line":51,"column":12},"end":{"line":54,"column":13}},"17":{"start":{"line":52,"column":61},"end":{"line":52,"column":64}},"18":{"start":{"line":53,"column":16},"end":{"line":53,"column":74}},"19":{"start":{"line":56,"column":12},"end":{"line":56,"column":76}},"20":{"start":{"line":56,"column":58},"end":{"line":56,"column":74}},"21":{"start":{"line":58,"column":12},"end":{"line":58,"column":59}},"22":{"start":{"line":60,"column":8},"end":{"line":60,"column":22}},"23":{"start":{"line":62,"column":8},"end":{"line":62,"column":25}},"24":{"start":{"line":66,"column":0},"end":{"line":87,"column":3}},"25":{"start":{"line":67,"column":4},"end":{"line":86,"column":5}},"26":{"start":{"line":68,"column":24},"end":{"line":82,"column":9}},"27":{"start":{"line":83,"column":8},"end":{"line":83,"column":64}},"28":{"start":{"line":85,"column":8},"end":{"line":85,"column":25}},"29":{"start":{"line":89,"column":0},"end":{"line":110,"column":3}},"30":{"start":{"line":90,"column":4},"end":{"line":109,"column":5}},"31":{"start":{"line":91,"column":24},"end":{"line":103,"column":9}},"32":{"start":{"line":104,"column":8},"end":{"line":105,"column":67}},"33":{"start":{"line":105,"column":12},"end":{"line":105,"column":67}},"34":{"start":{"line":106,"column":8},"end":{"line":106,"column":22}},"35":{"start":{"line":108,"column":8},"end":{"line":108,"column":25}},"36":{"start":{"line":112,"column":0},"end":{"line":131,"column":3}},"37":{"start":{"line":113,"column":4},"end":{"line":130,"column":5}},"38":{"start":{"line":114,"column":24},"end":{"line":123,"column":9}},"39":{"start":{"line":125,"column":8},"end":{"line":126,"column":63}},"40":{"start":{"line":126,"column":12},"end":{"line":126,"column":63}},"41":{"start":{"line":127,"column":8},"end":{"line":127,"column":21}},"42":{"start":{"line":129,"column":8},"end":{"line":129,"column":25}},"43":{"start":{"line":133,"column":0},"end":{"line":133,"column":24}}},"fnMap":{"0":{"name":"(anonymous_0)","decl":{"start":{"line":7,"column":16},"end":{"line":7,"column":17}},"loc":{"start":{"line":7,"column":42},"end":{"line":17,"column":1}},"line":7},"1":{"name":"(anonymous_1)","decl":{"start":{"line":19,"column":21},"end":{"line":19,"column":22}},"loc":{"start":{"line":19,"column":47},"end":{"line":64,"column":1}},"line":19},"2":{"name":"(anonymous_2)","decl":{"start":{"line":56,"column":52},"end":{"line":56,"column":53}},"loc":{"start":{"line":56,"column":58},"end":{"line":56,"column":74}},"line":56},"3":{"name":"(anonymous_3)","decl":{"start":{"line":66,"column":17},"end":{"line":66,"column":18}},"loc":{"start":{"line":66,"column":43},"end":{"line":87,"column":1}},"line":66},"4":{"name":"(anonymous_4)","decl":{"start":{"line":89,"column":21},"end":{"line":89,"column":22}},"loc":{"start":{"line":89,"column":47},"end":{"line":110,"column":1}},"line":89},"5":{"name":"(anonymous_5)","decl":{"start":{"line":112,"column":24},"end":{"line":112,"column":25}},"loc":{"start":{"line":112,"column":50},"end":{"line":131,"column":1}},"line":112}},"branchMap":{"0":{"loc":{"start":{"line":41,"column":8},"end":{"line":59,"column":9}},"type":"if","locations":[{"start":{"line":41,"column":8},"end":{"line":59,"column":9}},{"start":{},"end":{}}],"line":41},"1":{"loc":{"start":{"line":104,"column":8},"end":{"line":105,"column":67}},"type":"if","locations":[{"start":{"line":104,"column":8},"end":{"line":105,"column":67}},{"start":{},"end":{}}],"line":104},"2":{"loc":{"start":{"line":125,"column":8},"end":{"line":126,"column":63}},"type":"if","locations":[{"start":{"line":125,"column":8},"end":{"line":126,"column":63}},{"start":{},"end":{}}],"line":125}},"s":{"0":3,"1":3,"2":3,"3":3,"4":3,"5":1,"6":1,"7":1,"8":0,"9":3,"10":2,"11":2,"12":2,"13":2,"14":1,"15":1,"16":1,"17":1,"18":1,"19":1,"20":0,"21":1,"22":1,"23":0,"24":3,"25":2,"26":2,"27":1,"28":1,"29":3,"30":2,"31":2,"32":2,"33":1,"34":1,"35":0,"36":3,"37":2,"38":2,"39":2,"40":1,"41":1,"42":0,"43":3},"f":{"0":1,"1":2,"2":0,"3":2,"4":2,"5":2},"b":{"0":[1,1],"1":[1,1],"2":[1,1]},"_coverageSchema":"1a1c01bbd47fc00a2c39e90264f33305004495a9","hash":"8b973bd746c363fa280c4224fd97d77ef7680aa1"}
,"/home/tya/github/node-pg/routes/industries.js": {"path":"/home/tya/github/node-pg/routes/industries.js","statementMap":{"0":{"start":{"line":1,"column":16},"end":{"line":1,"column":34}},"1":{"start":{"line":2,"column":11},"end":{"line":2,"column":27}},"2":{"start":{"line":3,"column":16},"end":{"line":3,"column":34}},"3":{"start":{"line":5,"column":15},"end":{"line":5,"column":31}},"4":{"start":{"line":7,"column":0},"end":{"line":17,"column":3}},"5":{"start":{"line":8,"column":4},"end":{"line":16,"column":5}},"6":{"start":{"line":9,"column":24},"end":{"line":11,"column":9}},"7":{"start":{"line":13,"column":8},"end":{"line":13,"column":64}},"8":{"start":{"line":15,"column":8},"end":{"line":15,"column":25}},"9":{"start":{"line":19,"column":0},"end":{"line":51,"column":3}},"10":{"start":{"line":20,"column":4},"end":{"line":50,"column":5}},"11":{"start":{"line":21,"column":24},"end":{"line":30,"column":9}},"12":{"start":{"line":32,"column":8},"end":{"line":46,"column":9}},"13":{"start":{"line":33,"column":38},"end":{"line":33,"column":53}},"14":{"start":{"line":34,"column":27},"end":{"line":38,"column":13}},"15":{"start":{"line":40,"column":12},"end":{"line":43,"column":13}},"16":{"start":{"line":41,"column":51},"end":{"line":41,"column":54}},"17":{"start":{"line":42,"column":16},"end":{"line":42,"column":71}},"18":{"start":{"line":45,"column":12},"end":{"line":45,"column":60}},"19":{"start":{"line":47,"column":8},"end":{"line":47,"column":22}},"20":{"start":{"line":49,"column":8},"end":{"line":49,"column":25}},"21":{"start":{"line":53,"column":0},"end":{"line":73,"column":3}},"22":{"start":{"line":54,"column":4},"end":{"line":72,"column":5}},"23":{"start":{"line":55,"column":24},"end":{"line":68,"column":9}},"24":{"start":{"line":69,"column":8},"end":{"line":69,"column":65}},"25":{"start":{"line":71,"column":8},"end":{"line":71,"column":25}},"26":{"start":{"line":75,"column":0},"end":{"line":94,"column":3}},"27":{"start":{"line":76,"column":4},"end":{"line":93,"column":5}},"28":{"start":{"line":77,"column":24},"end":{"line":86,"column":9}},"29":{"start":{"line":88,"column":8},"end":{"line":89,"column":63}},"30":{"start":{"line":89,"column":12},"end":{"line":89,"column":63}},"31":{"start":{"line":90,"column":8},"end":{"line":90,"column":21}},"32":{"start":{"line":92,"column":8},"end":{"line":92,"column":25}},"33":{"start":{"line":96,"column":0},"end":{"line":96,"column":24}}},"fnMap":{"0":{"name":"(anonymous_0)","decl":{"start":{"line":7,"column":16},"end":{"line":7,"column":17}},"loc":{"start":{"line":7,"column":42},"end":{"line":17,"column":1}},"line":7},"1":{"name":"(anonymous_1)","decl":{"start":{"line":19,"column":21},"end":{"line":19,"column":22}},"loc":{"start":{"line":19,"column":47},"end":{"line":51,"column":1}},"line":19},"2":{"name":"(anonymous_2)","decl":{"start":{"line":53,"column":17},"end":{"line":53,"column":18}},"loc":{"start":{"line":53,"column":43},"end":{"line":73,"column":1}},"line":53},"3":{"name":"(anonymous_3)","decl":{"start":{"line":75,"column":24},"end":{"line":75,"column":25}},"loc":{"start":{"line":75,"column":50},"end":{"line":94,"column":1}},"line":75}},"branchMap":{"0":{"loc":{"start":{"line":32,"column":8},"end":{"line":46,"column":9}},"type":"if","locations":[{"start":{"line":32,"column":8},"end":{"line":46,"column":9}},{"start":{},"end":{}}],"line":32},"1":{"loc":{"start":{"line":88,"column":8},"end":{"line":89,"column":63}},"type":"if","locations":[{"start":{"line":88,"column":8},"end":{"line":89,"column":63}},{"start":{},"end":{}}],"line":88}},"s":{"0":3,"1":3,"2":3,"3":3,"4":3,"5":1,"6":1,"7":1,"8":0,"9":3,"10":2,"11":2,"12":2,"13":1,"14":1,"15":1,"16":1,"17":1,"18":1,"19":1,"20":0,"21":3,"22":2,"23":2,"24":1,"25":1,"26":3,"27":2,"28":2,"29":2,"30":1,"31":1,"32":0,"33":3},"f":{"0":1,"1":2,"2":2,"3":2},"b":{"0":[1,1],"1":[1,1]},"_coverageSchema":"1a1c01bbd47fc00a2c39e90264f33305004495a9","hash":"877dd6676914e5ccabe4f2d9d632aae33260f9df"}
,"/home/tya/github/node-pg/routes/invoices.js": {"path":"/home/tya/github/node-pg/routes/invoices.js","statementMap":{"0":{"start":{"line":1,"column":16},"end":{"line":1,"column":34}},"1":{"start":{"line":2,"column":11},"end":{"line":2,"column":27}},"2":{"start":{"line":3,"column":21},"end":{"line":3,"column":47}},"3":{"start":{"line":5,"column":15},"end":{"line":5,"column":31}},"4":{"start":{"line":7,"column":0},"end":{"line":16,"column":3}},"5":{"start":{"line":8,"column":4},"end":{"line":15,"column":5}},"6":{"start":{"line":9,"column":24},"end":{"line":11,"column":9}},"7":{"start":{"line":12,"column":8},"end":{"line":12,"column":62}},"8":{"start":{"line":14,"column":8},"end":{"line":14,"column":25}},"9":{"start":{"line":18,"column":0},"end":{"line":51,"column":3}},"10":{"start":{"line":19,"column":4},"end":{"line":50,"column":5}},"11":{"start":{"line":20,"column":24},"end":{"line":28,"column":9}},"12":{"start":{"line":30,"column":8},"end":{"line":46,"column":9}},"13":{"start":{"line":31,"column":80},"end":{"line":31,"column":95}},"14":{"start":{"line":32,"column":12},"end":{"line":45,"column":15}},"15":{"start":{"line":47,"column":8},"end":{"line":47,"column":22}},"16":{"start":{"line":49,"column":8},"end":{"line":49,"column":25}},"17":{"start":{"line":53,"column":0},"end":{"line":71,"column":3}},"18":{"start":{"line":54,"column":4},"end":{"line":70,"column":5}},"19":{"start":{"line":55,"column":24},"end":{"line":66,"column":9}},"20":{"start":{"line":67,"column":8},"end":{"line":67,"column":64}},"21":{"start":{"line":69,"column":8},"end":{"line":69,"column":25}},"22":{"start":{"line":73,"column":0},"end":{"line":113,"column":3}},"23":{"start":{"line":74,"column":4},"end":{"line":112,"column":5}},"24":{"start":{"line":75,"column":19},"end":{"line":75,"column":32}},"25":{"start":{"line":76,"column":39},"end":{"line":76,"column":47}},"26":{"start":{"line":77,"column":26},"end":{"line":77,"column":30}},"27":{"start":{"line":79,"column":27},"end":{"line":85,"column":9}},"28":{"start":{"line":87,"column":8},"end":{"line":89,"column":9}},"29":{"start":{"line":88,"column":12},"end":{"line":88,"column":67}},"30":{"start":{"line":91,"column":39},"end":{"line":91,"column":57}},"31":{"start":{"line":92,"column":8},"end":{"line":97,"column":37}},"32":{"start":{"line":93,"column":12},"end":{"line":93,"column":37}},"33":{"start":{"line":94,"column":13},"end":{"line":97,"column":37}},"34":{"start":{"line":95,"column":12},"end":{"line":95,"column":31}},"35":{"start":{"line":97,"column":12},"end":{"line":97,"column":37}},"36":{"start":{"line":99,"column":24},"end":{"line":107,"column":9}},"37":{"start":{"line":109,"column":8},"end":{"line":109,"column":63}},"38":{"start":{"line":111,"column":8},"end":{"line":111,"column":25}},"39":{"start":{"line":115,"column":0},"end":{"line":134,"column":3}},"40":{"start":{"line":116,"column":4},"end":{"line":133,"column":5}},"41":{"start":{"line":117,"column":24},"end":{"line":126,"column":9}},"42":{"start":{"line":128,"column":8},"end":{"line":129,"column":63}},"43":{"start":{"line":129,"column":12},"end":{"line":129,"column":63}},"44":{"start":{"line":130,"column":8},"end":{"line":130,"column":21}},"45":{"start":{"line":132,"column":8},"end":{"line":132,"column":25}},"46":{"start":{"line":136,"column":0},"end":{"line":136,"column":24}}},"fnMap":{"0":{"name":"(anonymous_0)","decl":{"start":{"line":7,"column":16},"end":{"line":7,"column":17}},"loc":{"start":{"line":7,"column":42},"end":{"line":16,"column":1}},"line":7},"1":{"name":"(anonymous_1)","decl":{"start":{"line":18,"column":19},"end":{"line":18,"column":20}},"loc":{"start":{"line":18,"column":45},"end":{"line":51,"column":1}},"line":18},"2":{"name":"(anonymous_2)","decl":{"start":{"line":53,"column":17},"end":{"line":53,"column":18}},"loc":{"start":{"line":53,"column":43},"end":{"line":71,"column":1}},"line":53},"3":{"name":"(anonymous_3)","decl":{"start":{"line":73,"column":19},"end":{"line":73,"column":20}},"loc":{"start":{"line":73,"column":45},"end":{"line":113,"column":1}},"line":73},"4":{"name":"(anonymous_4)","decl":{"start":{"line":115,"column":22},"end":{"line":115,"column":23}},"loc":{"start":{"line":115,"column":48},"end":{"line":134,"column":1}},"line":115}},"branchMap":{"0":{"loc":{"start":{"line":30,"column":8},"end":{"line":46,"column":9}},"type":"if","locations":[{"start":{"line":30,"column":8},"end":{"line":46,"column":9}},{"start":{},"end":{}}],"line":30},"1":{"loc":{"start":{"line":87,"column":8},"end":{"line":89,"column":9}},"type":"if","locations":[{"start":{"line":87,"column":8},"end":{"line":89,"column":9}},{"start":{},"end":{}}],"line":87},"2":{"loc":{"start":{"line":92,"column":8},"end":{"line":97,"column":37}},"type":"if","locations":[{"start":{"line":92,"column":8},"end":{"line":97,"column":37}},{"start":{"line":94,"column":13},"end":{"line":97,"column":37}}],"line":92},"3":{"loc":{"start":{"line":92,"column":12},"end":{"line":92,"column":35}},"type":"binary-expr","locations":[{"start":{"line":92,"column":12},"end":{"line":92,"column":24}},{"start":{"line":92,"column":28},"end":{"line":92,"column":35}}],"line":92},"4":{"loc":{"start":{"line":94,"column":13},"end":{"line":97,"column":37}},"type":"if","locations":[{"start":{"line":94,"column":13},"end":{"line":97,"column":37}},{"start":{"line":97,"column":12},"end":{"line":97,"column":37}}],"line":94},"5":{"loc":{"start":{"line":128,"column":8},"end":{"line":129,"column":63}},"type":"if","locations":[{"start":{"line":128,"column":8},"end":{"line":129,"column":63}},{"start":{},"end":{}}],"line":128}},"s":{"0":3,"1":3,"2":3,"3":3,"4":3,"5":1,"6":1,"7":1,"8":0,"9":3,"10":2,"11":2,"12":2,"13":1,"14":1,"15":1,"16":0,"17":3,"18":2,"19":2,"20":1,"21":1,"22":3,"23":5,"24":5,"25":5,"26":5,"27":5,"28":5,"29":1,"30":4,"31":4,"32":2,"33":2,"34":2,"35":0,"36":4,"37":4,"38":1,"39":3,"40":2,"41":2,"42":2,"43":1,"44":1,"45":0,"46":3},"f":{"0":1,"1":2,"2":2,"3":5,"4":2},"b":{"0":[1,1],"1":[1,4],"2":[2,2],"3":[4,4],"4":[2,0],"5":[1,1]},"_coverageSchema":"1a1c01bbd47fc00a2c39e90264f33305004495a9","hash":"22503cfd08319222109245ce9eee33967fa46ff2"}
}
