{"/home/tya/github/node-pg/app.js": {"path":"/home/tya/github/node-pg/app.js","statementMap":{"0":{"start":{"line":3,"column":0},"end":{"line":3,"column":27}},"1":{"start":{"line":5,"column":16},"end":{"line":5,"column":34}},"2":{"start":{"line":7,"column":12},"end":{"line":7,"column":21}},"3":{"start":{"line":8,"column":21},"end":{"line":8,"column":46}},"4":{"start":{"line":9,"column":24},"end":{"line":9,"column":53}},"5":{"start":{"line":10,"column":23},"end":{"line":10,"column":51}},"6":{"start":{"line":12,"column":0},"end":{"line":12,"column":24}},"7":{"start":{"line":14,"column":0},"end":{"line":14,"column":39}},"8":{"start":{"line":15,"column":0},"end":{"line":15,"column":37}},"9":{"start":{"line":19,"column":0},"end":{"line":22,"column":3}},"10":{"start":{"line":20,"column":14},"end":{"line":20,"column":48}},"11":{"start":{"line":21,"column":2},"end":{"line":21,"column":19}},"12":{"start":{"line":26,"column":0},"end":{"line":33,"column":3}},"13":{"start":{"line":27,"column":2},"end":{"line":27,"column":32}},"14":{"start":{"line":29,"column":2},"end":{"line":32,"column":5}},"15":{"start":{"line":36,"column":0},"end":{"line":36,"column":21}}},"fnMap":{"0":{"name":"(anonymous_0)","decl":{"start":{"line":19,"column":8},"end":{"line":19,"column":9}},"loc":{"start":{"line":19,"column":33},"end":{"line":22,"column":1}},"line":19},"1":{"name":"(anonymous_1)","decl":{"start":{"line":26,"column":8},"end":{"line":26,"column":9}},"loc":{"start":{"line":26,"column":33},"end":{"line":33,"column":1}},"line":26}},"branchMap":{"0":{"loc":{"start":{"line":27,"column":13},"end":{"line":27,"column":30}},"type":"binary-expr","locations":[{"start":{"line":27,"column":13},"end":{"line":27,"column":23}},{"start":{"line":27,"column":27},"end":{"line":27,"column":30}}],"line":27}},"s":{"0":2,"1":2,"2":2,"3":2,"4":2,"5":2,"6":2,"7":2,"8":2,"9":2,"10":6,"11":6,"12":2,"13":8,"14":8,"15":2},"f":{"0":6,"1":8},"b":{"0":[8,2]},"_coverageSchema":"1a1c01bbd47fc00a2c39e90264f33305004495a9","hash":"6d0ef804c3750817be195614ab7d47169ec14d15"}
,"/home/tya/github/node-pg/db.js": {"path":"/home/tya/github/node-pg/db.js","statementMap":{"0":{"start":{"line":3,"column":19},"end":{"line":3,"column":32}},"1":{"start":{"line":5,"column":11},"end":{"line":5,"column":23}},"2":{"start":{"line":7,"column":0},"end":{"line":7,"column":13}},"3":{"start":{"line":9,"column":0},"end":{"line":9,"column":20}}},"fnMap":{},"branchMap":{},"s":{"0":2,"1":2,"2":2,"3":2},"f":{},"b":{},"_coverageSchema":"1a1c01bbd47fc00a2c39e90264f33305004495a9","hash":"3dde77d18d01f08c0dae7b12fc5ed100c5943098"}
,"/home/tya/github/node-pg/expressError.js": {"path":"/home/tya/github/node-pg/expressError.js","statementMap":{"0":{"start":{"line":9,"column":4},"end":{"line":9,"column":12}},"1":{"start":{"line":10,"column":4},"end":{"line":10,"column":27}},"2":{"start":{"line":11,"column":4},"end":{"line":11,"column":25}},"3":{"start":{"line":12,"column":4},"end":{"line":12,"column":30}},"4":{"start":{"line":17,"column":0},"end":{"line":17,"column":30}}},"fnMap":{"0":{"name":"(anonymous_0)","decl":{"start":{"line":8,"column":2},"end":{"line":8,"column":3}},"loc":{"start":{"line":8,"column":31},"end":{"line":13,"column":3}},"line":8}},"branchMap":{},"s":{"0":6,"1":6,"2":6,"3":6,"4":2},"f":{"0":6},"b":{},"_coverageSchema":"1a1c01bbd47fc00a2c39e90264f33305004495a9","hash":"3d99ad3e1a206d4b601a58aa5e51899306472aff"}
,"/home/tya/github/node-pg/routes/companies.js": {"path":"/home/tya/github/node-pg/routes/companies.js","statementMap":{"0":{"start":{"line":1,"column":16},"end":{"line":1,"column":34}},"1":{"start":{"line":2,"column":11},"end":{"line":2,"column":27}},"2":{"start":{"line":3,"column":16},"end":{"line":3,"column":34}},"3":{"start":{"line":5,"column":15},"end":{"line":5,"column":31}},"4":{"start":{"line":7,"column":0},"end":{"line":17,"column":3}},"5":{"start":{"line":8,"column":4},"end":{"line":16,"column":5}},"6":{"start":{"line":9,"column":24},"end":{"line":11,"column":9}},"7":{"start":{"line":13,"column":8},"end":{"line":13,"column":63}},"8":{"start":{"line":15,"column":8},"end":{"line":15,"column":25}},"9":{"start":{"line":19,"column":0},"end":{"line":51,"column":3}},"10":{"start":{"line":20,"column":4},"end":{"line":50,"column":5}},"11":{"start":{"line":21,"column":24},"end":{"line":29,"column":9}},"12":{"start":{"line":31,"column":8},"end":{"line":46,"column":9}},"13":{"start":{"line":32,"column":46},"end":{"line":32,"column":61}},"14":{"start":{"line":33,"column":27},"end":{"line":38,"column":13}},"15":{"start":{"line":40,"column":12},"end":{"line":43,"column":13}},"16":{"start":{"line":41,"column":61},"end":{"line":41,"column":64}},"17":{"start":{"line":42,"column":16},"end":{"line":42,"column":74}},"18":{"start":{"line":45,"column":12},"end":{"line":45,"column":59}},"19":{"start":{"line":47,"column":8},"end":{"line":47,"column":22}},"20":{"start":{"line":49,"column":8},"end":{"line":49,"column":25}},"21":{"start":{"line":53,"column":0},"end":{"line":74,"column":3}},"22":{"start":{"line":54,"column":4},"end":{"line":73,"column":5}},"23":{"start":{"line":55,"column":24},"end":{"line":69,"column":9}},"24":{"start":{"line":70,"column":8},"end":{"line":70,"column":64}},"25":{"start":{"line":72,"column":8},"end":{"line":72,"column":25}},"26":{"start":{"line":76,"column":0},"end":{"line":97,"column":3}},"27":{"start":{"line":77,"column":4},"end":{"line":96,"column":5}},"28":{"start":{"line":78,"column":24},"end":{"line":90,"column":9}},"29":{"start":{"line":91,"column":8},"end":{"line":92,"column":67}},"30":{"start":{"line":92,"column":12},"end":{"line":92,"column":67}},"31":{"start":{"line":93,"column":8},"end":{"line":93,"column":22}},"32":{"start":{"line":95,"column":8},"end":{"line":95,"column":25}},"33":{"start":{"line":99,"column":0},"end":{"line":118,"column":3}},"34":{"start":{"line":100,"column":4},"end":{"line":117,"column":5}},"35":{"start":{"line":101,"column":24},"end":{"line":110,"column":9}},"36":{"start":{"line":112,"column":8},"end":{"line":113,"column":63}},"37":{"start":{"line":113,"column":12},"end":{"line":113,"column":63}},"38":{"start":{"line":114,"column":8},"end":{"line":114,"column":21}},"39":{"start":{"line":116,"column":8},"end":{"line":116,"column":25}},"40":{"start":{"line":120,"column":0},"end":{"line":120,"column":24}}},"fnMap":{"0":{"name":"(anonymous_0)","decl":{"start":{"line":7,"column":16},"end":{"line":7,"column":17}},"loc":{"start":{"line":7,"column":42},"end":{"line":17,"column":1}},"line":7},"1":{"name":"(anonymous_1)","decl":{"start":{"line":19,"column":21},"end":{"line":19,"column":22}},"loc":{"start":{"line":19,"column":47},"end":{"line":51,"column":1}},"line":19},"2":{"name":"(anonymous_2)","decl":{"start":{"line":53,"column":17},"end":{"line":53,"column":18}},"loc":{"start":{"line":53,"column":43},"end":{"line":74,"column":1}},"line":53},"3":{"name":"(anonymous_3)","decl":{"start":{"line":76,"column":21},"end":{"line":76,"column":22}},"loc":{"start":{"line":76,"column":47},"end":{"line":97,"column":1}},"line":76},"4":{"name":"(anonymous_4)","decl":{"start":{"line":99,"column":24},"end":{"line":99,"column":25}},"loc":{"start":{"line":99,"column":50},"end":{"line":118,"column":1}},"line":99}},"branchMap":{"0":{"loc":{"start":{"line":31,"column":8},"end":{"line":46,"column":9}},"type":"if","locations":[{"start":{"line":31,"column":8},"end":{"line":46,"column":9}},{"start":{},"end":{}}],"line":31},"1":{"loc":{"start":{"line":91,"column":8},"end":{"line":92,"column":67}},"type":"if","locations":[{"start":{"line":91,"column":8},"end":{"line":92,"column":67}},{"start":{},"end":{}}],"line":91},"2":{"loc":{"start":{"line":112,"column":8},"end":{"line":113,"column":63}},"type":"if","locations":[{"start":{"line":112,"column":8},"end":{"line":113,"column":63}},{"start":{},"end":{}}],"line":112}},"s":{"0":2,"1":2,"2":2,"3":2,"4":2,"5":1,"6":1,"7":1,"8":0,"9":2,"10":2,"11":2,"12":2,"13":1,"14":1,"15":1,"16":1,"17":1,"18":1,"19":1,"20":0,"21":2,"22":3,"23":3,"24":2,"25":1,"26":2,"27":2,"28":2,"29":2,"30":1,"31":1,"32":0,"33":2,"34":2,"35":2,"36":2,"37":1,"38":1,"39":0,"40":2},"f":{"0":1,"1":2,"2":3,"3":2,"4":2},"b":{"0":[1,1],"1":[1,1],"2":[1,1]},"_coverageSchema":"1a1c01bbd47fc00a2c39e90264f33305004495a9","hash":"8b28b1b69223103003f3b2d9a03a760bd7554bfb"}
,"/home/tya/github/node-pg/routes/invoices.js": {"path":"/home/tya/github/node-pg/routes/invoices.js","statementMap":{"0":{"start":{"line":1,"column":16},"end":{"line":1,"column":34}},"1":{"start":{"line":2,"column":11},"end":{"line":2,"column":27}},"2":{"start":{"line":4,"column":15},"end":{"line":4,"column":31}},"3":{"start":{"line":6,"column":0},"end":{"line":15,"column":3}},"4":{"start":{"line":7,"column":4},"end":{"line":14,"column":5}},"5":{"start":{"line":8,"column":24},"end":{"line":10,"column":9}},"6":{"start":{"line":11,"column":8},"end":{"line":11,"column":62}},"7":{"start":{"line":13,"column":8},"end":{"line":13,"column":25}},"8":{"start":{"line":17,"column":0},"end":{"line":50,"column":3}},"9":{"start":{"line":18,"column":4},"end":{"line":49,"column":5}},"10":{"start":{"line":19,"column":24},"end":{"line":27,"column":9}},"11":{"start":{"line":29,"column":8},"end":{"line":45,"column":9}},"12":{"start":{"line":30,"column":80},"end":{"line":30,"column":95}},"13":{"start":{"line":31,"column":12},"end":{"line":44,"column":15}},"14":{"start":{"line":46,"column":8},"end":{"line":46,"column":22}},"15":{"start":{"line":48,"column":8},"end":{"line":48,"column":25}},"16":{"start":{"line":52,"column":0},"end":{"line":70,"column":3}},"17":{"start":{"line":53,"column":4},"end":{"line":69,"column":5}},"18":{"start":{"line":54,"column":24},"end":{"line":65,"column":9}},"19":{"start":{"line":66,"column":8},"end":{"line":66,"column":64}},"20":{"start":{"line":68,"column":8},"end":{"line":68,"column":25}},"21":{"start":{"line":72,"column":0},"end":{"line":92,"column":3}},"22":{"start":{"line":73,"column":4},"end":{"line":91,"column":5}},"23":{"start":{"line":74,"column":24},"end":{"line":85,"column":9}},"24":{"start":{"line":86,"column":8},"end":{"line":87,"column":67}},"25":{"start":{"line":87,"column":12},"end":{"line":87,"column":67}},"26":{"start":{"line":88,"column":8},"end":{"line":88,"column":22}},"27":{"start":{"line":90,"column":8},"end":{"line":90,"column":25}},"28":{"start":{"line":94,"column":0},"end":{"line":113,"column":3}},"29":{"start":{"line":95,"column":4},"end":{"line":112,"column":5}},"30":{"start":{"line":96,"column":24},"end":{"line":105,"column":9}},"31":{"start":{"line":107,"column":8},"end":{"line":108,"column":63}},"32":{"start":{"line":108,"column":12},"end":{"line":108,"column":63}},"33":{"start":{"line":109,"column":8},"end":{"line":109,"column":21}},"34":{"start":{"line":111,"column":8},"end":{"line":111,"column":25}},"35":{"start":{"line":115,"column":0},"end":{"line":115,"column":24}}},"fnMap":{"0":{"name":"(anonymous_0)","decl":{"start":{"line":6,"column":16},"end":{"line":6,"column":17}},"loc":{"start":{"line":6,"column":42},"end":{"line":15,"column":1}},"line":6},"1":{"name":"(anonymous_1)","decl":{"start":{"line":17,"column":19},"end":{"line":17,"column":20}},"loc":{"start":{"line":17,"column":45},"end":{"line":50,"column":1}},"line":17},"2":{"name":"(anonymous_2)","decl":{"start":{"line":52,"column":17},"end":{"line":52,"column":18}},"loc":{"start":{"line":52,"column":43},"end":{"line":70,"column":1}},"line":52},"3":{"name":"(anonymous_3)","decl":{"start":{"line":72,"column":19},"end":{"line":72,"column":20}},"loc":{"start":{"line":72,"column":45},"end":{"line":92,"column":1}},"line":72},"4":{"name":"(anonymous_4)","decl":{"start":{"line":94,"column":22},"end":{"line":94,"column":23}},"loc":{"start":{"line":94,"column":48},"end":{"line":113,"column":1}},"line":94}},"branchMap":{"0":{"loc":{"start":{"line":29,"column":8},"end":{"line":45,"column":9}},"type":"if","locations":[{"start":{"line":29,"column":8},"end":{"line":45,"column":9}},{"start":{},"end":{}}],"line":29},"1":{"loc":{"start":{"line":86,"column":8},"end":{"line":87,"column":67}},"type":"if","locations":[{"start":{"line":86,"column":8},"end":{"line":87,"column":67}},{"start":{},"end":{}}],"line":86},"2":{"loc":{"start":{"line":107,"column":8},"end":{"line":108,"column":63}},"type":"if","locations":[{"start":{"line":107,"column":8},"end":{"line":108,"column":63}},{"start":{},"end":{}}],"line":107}},"s":{"0":2,"1":2,"2":2,"3":2,"4":1,"5":1,"6":1,"7":0,"8":2,"9":2,"10":2,"11":2,"12":1,"13":1,"14":1,"15":0,"16":2,"17":2,"18":2,"19":1,"20":1,"21":2,"22":2,"23":2,"24":2,"25":1,"26":1,"27":0,"28":2,"29":2,"30":2,"31":2,"32":1,"33":1,"34":0,"35":2},"f":{"0":1,"1":2,"2":2,"3":2,"4":2},"b":{"0":[1,1],"1":[1,1],"2":[1,1]},"_coverageSchema":"1a1c01bbd47fc00a2c39e90264f33305004495a9","hash":"d4d708d5efaf35624028f7a7f3ee066f3c7517c5"}
}
