TN:
SF:app.js
FN:21,(anonymous_0)
FN:28,(anonymous_1)
FNF:2
FNH:2
FNDA:7,(anonymous_0)
FNDA:11,(anonymous_1)
DA:3,3
DA:5,3
DA:7,3
DA:8,3
DA:9,3
DA:10,3
DA:11,3
DA:13,3
DA:15,3
DA:16,3
DA:17,3
DA:21,3
DA:22,7
DA:23,7
DA:28,3
DA:29,11
DA:31,11
DA:38,3
LF:18
LH:18
BRDA:29,0,0,11
BRDA:29,0,1,3
BRF:2
BRH:2
end_of_record
TN:
SF:db.js
FNF:0
FNH:0
DA:3,3
DA:5,3
DA:7,3
DA:9,3
LF:4
LH:4
BRF:0
BRH:0
end_of_record
TN:
SF:expressError.js
FN:8,(anonymous_0)
FNF:1
FNH:1
FNDA:8,(anonymous_0)
DA:9,8
DA:10,8
DA:11,8
DA:17,3
LF:4
LH:4
BRF:0
BRH:0
end_of_record
TN:
SF:routes/companies.js
FN:7,(anonymous_0)
FN:19,(anonymous_1)
FN:56,(anonymous_2)
FN:66,(anonymous_3)
FN:89,(anonymous_4)
FN:112,(anonymous_5)
FNF:6
FNH:5
FNDA:1,(anonymous_0)
FNDA:2,(anonymous_1)
FNDA:0,(anonymous_2)
FNDA:2,(anonymous_3)
FNDA:2,(anonymous_4)
FNDA:2,(anonymous_5)
DA:1,3
DA:2,3
DA:3,3
DA:5,3
DA:7,3
DA:8,1
DA:9,1
DA:13,1
DA:15,0
DA:19,3
DA:20,2
DA:21,2
DA:31,2
DA:41,2
DA:42,1
DA:43,1
DA:51,1
DA:52,1
DA:53,1
DA:56,1
DA:58,1
DA:60,1
DA:62,0
DA:66,3
DA:67,2
DA:68,2
DA:83,1
DA:85,1
DA:89,3
DA:90,2
DA:91,2
DA:104,2
DA:105,1
DA:106,1
DA:108,0
DA:112,3
DA:113,2
DA:114,2
DA:125,2
DA:126,1
DA:127,1
DA:129,0
DA:133,3
LF:43
LH:39
BRDA:41,0,0,1
BRDA:41,0,1,1
BRDA:104,1,0,1
BRDA:104,1,1,1
BRDA:125,2,0,1
BRDA:125,2,1,1
BRF:6
BRH:6
end_of_record
TN:
SF:routes/industries.js
FN:7,(anonymous_0)
FN:19,(anonymous_1)
FN:53,(anonymous_2)
FN:75,(anonymous_3)
FNF:4
FNH:4
FNDA:1,(anonymous_0)
FNDA:2,(anonymous_1)
FNDA:2,(anonymous_2)
FNDA:2,(anonymous_3)
DA:1,3
DA:2,3
DA:3,3
DA:5,3
DA:7,3
DA:8,1
DA:9,1
DA:13,1
DA:15,0
DA:19,3
DA:20,2
DA:21,2
DA:32,2
DA:33,1
DA:34,1
DA:40,1
DA:41,1
DA:42,1
DA:45,1
DA:47,1
DA:49,0
DA:53,3
DA:54,2
DA:55,2
DA:69,1
DA:71,1
DA:75,3
DA:76,2
DA:77,2
DA:88,2
DA:89,1
DA:90,1
DA:92,0
DA:96,3
LF:34
LH:31
BRDA:32,0,0,1
BRDA:32,0,1,1
BRDA:88,1,0,1
BRDA:88,1,1,1
BRF:4
BRH:4
end_of_record
TN:
SF:routes/invoices.js
FN:7,(anonymous_0)
FN:18,(anonymous_1)
FN:53,(anonymous_2)
FN:73,(anonymous_3)
FN:115,(anonymous_4)
FNF:5
FNH:5
FNDA:1,(anonymous_0)
FNDA:2,(anonymous_1)
FNDA:2,(anonymous_2)
FNDA:5,(anonymous_3)
FNDA:2,(anonymous_4)
DA:1,3
DA:2,3
DA:3,3
DA:5,3
DA:7,3
DA:8,1
DA:9,1
DA:12,1
DA:14,0
DA:18,3
DA:19,2
DA:20,2
DA:30,2
DA:31,1
DA:32,1
DA:47,1
DA:49,0
DA:53,3
DA:54,2
DA:55,2
DA:67,1
DA:69,1
DA:73,3
DA:74,5
DA:75,5
DA:76,5
DA:77,5
DA:79,5
DA:87,5
DA:88,1
DA:91,4
DA:92,4
DA:93,2
DA:94,2
DA:95,2
DA:97,0
DA:99,4
DA:109,4
DA:111,1
DA:115,3
DA:116,2
DA:117,2
DA:128,2
DA:129,1
DA:130,1
DA:132,0
DA:136,3
LF:47
LH:43
BRDA:30,0,0,1
BRDA:30,0,1,1
BRDA:87,1,0,1
BRDA:87,1,1,4
BRDA:92,2,0,2
BRDA:92,2,1,2
BRDA:92,3,0,4
BRDA:92,3,1,4
BRDA:94,4,0,2
BRDA:94,4,1,0
BRDA:128,5,0,1
BRDA:128,5,1,1
BRF:12
BRH:11
end_of_record
