TN:
SF:app.js
FN:19,(anonymous_0)
FN:26,(anonymous_1)
FNF:2
FNH:2
FNDA:6,(anonymous_0)
FNDA:8,(anonymous_1)
DA:3,2
DA:5,2
DA:7,2
DA:8,2
DA:9,2
DA:10,2
DA:12,2
DA:14,2
DA:15,2
DA:19,2
DA:20,6
DA:21,6
DA:26,2
DA:27,8
DA:29,8
DA:36,2
LF:16
LH:16
BRDA:27,0,0,8
BRDA:27,0,1,2
BRF:2
BRH:2
end_of_record
TN:
SF:db.js
FNF:0
FNH:0
DA:3,2
DA:5,2
DA:7,2
DA:9,2
LF:4
LH:4
BRF:0
BRH:0
end_of_record
TN:
SF:expressError.js
FN:8,(anonymous_0)
FNF:1
FNH:1
FNDA:6,(anonymous_0)
DA:9,6
DA:10,6
DA:11,6
DA:12,6
DA:17,2
LF:5
LH:5
BRF:0
BRH:0
end_of_record
TN:
SF:routes/companies.js
FN:6,(anonymous_0)
FN:18,(anonymous_1)
FN:52,(anonymous_2)
FN:72,(anonymous_3)
FN:95,(anonymous_4)
FNF:5
FNH:5
FNDA:1,(anonymous_0)
FNDA:2,(anonymous_1)
FNDA:2,(anonymous_2)
FNDA:2,(anonymous_3)
FNDA:2,(anonymous_4)
DA:1,2
DA:2,2
DA:4,2
DA:6,2
DA:7,1
DA:8,1
DA:12,1
DA:14,0
DA:18,2
DA:19,2
DA:20,2
DA:30,2
DA:31,1
DA:32,1
DA:39,1
DA:40,1
DA:41,1
DA:44,1
DA:46,1
DA:48,0
DA:52,2
DA:53,2
DA:54,2
DA:66,1
DA:68,1
DA:72,2
DA:73,2
DA:74,2
DA:87,2
DA:88,1
DA:89,1
DA:91,0
DA:95,2
DA:96,2
DA:97,2
DA:108,2
DA:109,1
DA:110,1
DA:112,0
DA:116,2
LF:40
LH:36
BRDA:30,0,0,1
BRDA:30,0,1,1
BRDA:87,1,0,1
BRDA:87,1,1,1
BRDA:108,2,0,1
BRDA:108,2,1,1
BRF:6
BRH:6
end_of_record
TN:
SF:routes/invoices.js
FN:6,(anonymous_0)
FN:17,(anonymous_1)
FN:52,(anonymous_2)
FN:72,(anonymous_3)
FN:94,(anonymous_4)
FNF:5
FNH:5
FNDA:1,(anonymous_0)
FNDA:2,(anonymous_1)
FNDA:2,(anonymous_2)
FNDA:2,(anonymous_3)
FNDA:2,(anonymous_4)
DA:1,2
DA:2,2
DA:4,2
DA:6,2
DA:7,1
DA:8,1
DA:11,1
DA:13,0
DA:17,2
DA:18,2
DA:19,2
DA:29,2
DA:30,1
DA:31,1
DA:46,1
DA:48,0
DA:52,2
DA:53,2
DA:54,2
DA:66,1
DA:68,1
DA:72,2
DA:73,2
DA:74,2
DA:86,2
DA:87,1
DA:88,1
DA:90,0
DA:94,2
DA:95,2
DA:96,2
DA:107,2
DA:108,1
DA:109,1
DA:111,0
DA:115,2
LF:36
LH:32
BRDA:29,0,0,1
BRDA:29,0,1,1
BRDA:86,1,0,1
BRDA:86,1,1,1
BRDA:107,2,0,1
BRDA:107,2,1,1
BRF:6
BRH:6
end_of_record
